\BOOKMARK [1][-]{section.1}{\332vod}{}% 1
\BOOKMARK [1][-]{section.2}{\332lohy}{}% 2
\BOOKMARK [1][-]{section.3}{Dif\372ze radonu do cipu skrze pouzdro}{}% 3
\BOOKMARK [2][-]{subsection.3.1}{Popis dif\372zn\355ho \235\355ren\355}{section.3}% 4
\BOOKMARK [2][-]{subsection.3.2}{Soucinitel dif\372ze a rozmery pouzdra}{section.3}% 5
\BOOKMARK [2][-]{subsection.3.3}{Numerick\351 re\235en\355 dif\372zn\355 rovnice}{section.3}% 6
\BOOKMARK [3][-]{subsubsection.3.3.1}{Poc\341tecn\355 a okrajov\351 podm\355nky}{subsection.3.3}% 7
\BOOKMARK [3][-]{subsubsection.3.3.2}{Pou\236it\341 metoda}{subsection.3.3}% 8
\BOOKMARK [2][-]{subsection.3.4}{V\375sledek}{section.3}% 9
\BOOKMARK [2][-]{subsection.3.5}{Diskuze}{section.3}% 10
\BOOKMARK [2][-]{subsection.3.6}{Z\341ver}{section.3}% 11
\BOOKMARK [1][-]{section.4}{V\375pocet d\341vky absorbovan\351 v cipu}{}% 12
\BOOKMARK [2][-]{subsection.4.1}{Pr\355spevek od }{section.4}% 13
\BOOKMARK [3][-]{subsubsection.4.1.1}{Energetick\375 pr\355spevek od , kter\351 vznikly mimo cip a pouzdro}{subsection.4.1}% 14
\BOOKMARK [3][-]{subsubsection.4.1.2}{Energetick\375 pr\355spevek od , kter\351 vznikly uvnitr cipu a pouzdra}{subsection.4.1}% 15
\BOOKMARK [3][-]{subsubsection.4.1.3}{Celkov\375 pr\355spevek k d\341vce}{subsection.4.1}% 16
\BOOKMARK [2][-]{subsection.4.2}{Pr\355spevek od }{section.4}% 17
\BOOKMARK [2][-]{subsection.4.3}{Pr\355spevek of }{section.4}% 18
\BOOKMARK [3][-]{subsubsection.4.3.1}{Vzduch v sudu}{subsection.4.3}% 19
\BOOKMARK [3][-]{subsubsection.4.3.2}{Vnitrn\355 povrch sudu}{subsection.4.3}% 20
\BOOKMARK [3][-]{subsubsection.4.3.3}{Povrch pouzdra}{subsection.4.3}% 21
\BOOKMARK [3][-]{subsubsection.4.3.4}{Pr\355spevek k d\341vce}{subsection.4.3}% 22
\BOOKMARK [2][-]{subsection.4.4}{Konkr\351tn\355 hodnoty}{section.4}% 23
